[debug] [2020-04-04T21:28:38.559Z] ----------------------------------------------------------------------
[debug] [2020-04-04T21:28:38.561Z] Command:       /home/jeff/.nvm/versions/node/v13.12.0/bin/node /home/jeff/.nvm/versions/node/v13.12.0/bin/firebase serve
[debug] [2020-04-04T21:28:38.561Z] CLI Version:   8.0.1
[debug] [2020-04-04T21:28:38.561Z] Platform:      linux
[debug] [2020-04-04T21:28:38.561Z] Node Version:  v13.12.0
[debug] [2020-04-04T21:28:38.562Z] Time:          Sat Apr 04 2020 15:28:38 GMT-0600 (Mountain Daylight Time)
[debug] [2020-04-04T21:28:38.562Z] ----------------------------------------------------------------------
[debug] [2020-04-04T21:28:38.562Z] 
[debug] [2020-04-04T21:28:38.568Z] > command requires scopes: ["email","openid","https://www.googleapis.com/auth/cloudplatformprojects.readonly","https://www.googleapis.com/auth/firebase","https://www.googleapis.com/auth/cloud-platform"]
[debug] [2020-04-04T21:28:38.568Z] > authorizing via signed-in user
[debug] [2020-04-04T21:28:38.568Z] [iam] checking project draft-picks for permissions ["firebase.projects.get"]
[debug] [2020-04-04T21:28:38.571Z] >>> HTTP REQUEST POST https://cloudresourcemanager.googleapis.com/v1/projects/draft-picks:testIamPermissions  
 {"permissions":["firebase.projects.get"]}
[debug] [2020-04-04T21:28:38.990Z] <<< HTTP RESPONSE 200 {"content-type":"application/json; charset=UTF-8","vary":"X-Origin, Referer, Origin,Accept-Encoding","date":"Sat, 04 Apr 2020 21:28:38 GMT","server":"ESF","cache-control":"private","x-xss-protection":"0","x-frame-options":"SAMEORIGIN","x-content-type-options":"nosniff","server-timing":"gfet4t7; dur=158","alt-svc":"quic=\":443\"; ma=2592000; v=\"46,43\",h3-Q050=\":443\"; ma=2592000,h3-Q049=\":443\"; ma=2592000,h3-Q048=\":443\"; ma=2592000,h3-Q046=\":443\"; ma=2592000,h3-Q043=\":443\"; ma=2592000,h3-T050=\":443\"; ma=2592000","accept-ranges":"none","transfer-encoding":"chunked"}
[debug] [2020-04-04T21:28:38.992Z] >>> HTTP REQUEST GET https://firebase.googleapis.com/v1beta1/projects/draft-picks  
 
[debug] [2020-04-04T21:28:39.255Z] <<< HTTP RESPONSE 200 {"content-type":"application/json; charset=UTF-8","vary":"X-Origin, Referer, Origin,Accept-Encoding","date":"Sat, 04 Apr 2020 21:28:39 GMT","server":"ESF","cache-control":"private","x-xss-protection":"0","x-frame-options":"SAMEORIGIN","x-content-type-options":"nosniff","alt-svc":"quic=\":443\"; ma=2592000; v=\"46,43\",h3-Q050=\":443\"; ma=2592000,h3-Q049=\":443\"; ma=2592000,h3-Q048=\":443\"; ma=2592000,h3-Q046=\":443\"; ma=2592000,h3-Q043=\":443\"; ma=2592000,h3-T050=\":443\"; ma=2592000","accept-ranges":"none","transfer-encoding":"chunked"}
[info] 
[info] === Serving from '/home/jeff/Code/draft-picks'...
[info] 
[debug] [2020-04-04T21:28:39.274Z] >>> HTTP REQUEST GET https://firebase.googleapis.com/v1beta1/projects/draft-picks/webApps/-/config  
 
[warn] ⚠  Your requested "node" version "8" doesn't match your global version "13"
[info] ✔  functions: functions emulator started at http://localhost:5001
[debug] [2020-04-04T21:28:39.617Z] <<< HTTP RESPONSE 200 {"content-type":"application/json; charset=UTF-8","vary":"X-Origin, Referer, Origin,Accept-Encoding","date":"Sat, 04 Apr 2020 21:28:39 GMT","server":"ESF","cache-control":"private","x-xss-protection":"0","x-frame-options":"SAMEORIGIN","x-content-type-options":"nosniff","alt-svc":"quic=\":443\"; ma=2592000; v=\"46,43\",h3-Q050=\":443\"; ma=2592000,h3-Q049=\":443\"; ma=2592000,h3-Q048=\":443\"; ma=2592000,h3-Q046=\":443\"; ma=2592000,h3-Q043=\":443\"; ma=2592000,h3-T050=\":443\"; ma=2592000","accept-ranges":"none","transfer-encoding":"chunked"}
[info] i  functions: Watching "/home/jeff/Code/draft-picks/functions" for Cloud Functions...
[debug] [2020-04-04T21:28:39.685Z] [worker-pool] addWorker(~diagnostic~) 
[debug] [2020-04-04T21:28:39.686Z] [worker-pool] Adding worker with key ~diagnostic~, total=1 
[debug] [2020-04-04T21:28:39.686Z] [worker-pool] submitWork(triggerId=) 
[debug] [2020-04-04T21:28:39.686Z] [worker-~diagnostic~-f8c1bac8-6598-40fb-a125-e8abdbcfae9e]: Assigning socketPath: /tmp/fire_emu_20390.sock 
[debug] [2020-04-04T21:28:39.687Z] [worker-~diagnostic~-f8c1bac8-6598-40fb-a125-e8abdbcfae9e]: BUSY 
[info] i  hosting: Serving hosting files from: build
[info] ✔  hosting: Local server: http://localhost:5000
[debug] [2020-04-04T21:28:39.985Z] [runtime-status] [20390] Functions runtime initialized. {"cwd":"/home/jeff/Code/draft-picks/functions","node_version":"13.12.0"} 
[debug] [2020-04-04T21:28:39.988Z] [runtime-status] [20390] Disabled runtime features: undefined 
[debug] [2020-04-04T21:28:39.990Z] [runtime-status] [20390] Resolved module firebase-admin {"declared":true,"installed":true,"version":"8.10.0","resolution":"/home/jeff/Code/draft-picks/functions/node_modules/firebase-admin/lib/index.js"} 
[debug] [2020-04-04T21:28:39.993Z] [runtime-status] [20390] Resolved module firebase-functions {"declared":true,"installed":true,"version":"3.6.0","resolution":"/home/jeff/Code/draft-picks/functions/node_modules/firebase-functions/lib/index.js"} 
[debug] [2020-04-04T21:28:39.995Z] [runtime-status] [20390] Outgoing network have been stubbed. [{"name":"http","status":"mocked"},{"name":"http","status":"mocked"},{"name":"https","status":"mocked"},{"name":"https","status":"mocked"},{"name":"net","status":"mocked"}] 
[debug] [2020-04-04T21:28:40.028Z] [runtime-status] [20390] Checked functions.config() {"config":{}} 
[debug] [2020-04-04T21:28:40.029Z] [runtime-status] [20390] Resolved module firebase-functions {"declared":true,"installed":true,"version":"3.6.0","resolution":"/home/jeff/Code/draft-picks/functions/node_modules/firebase-functions/lib/index.js"} 
[debug] [2020-04-04T21:28:40.030Z] [runtime-status] [20390] Resolved module firebase-admin {"declared":true,"installed":true,"version":"8.10.0","resolution":"/home/jeff/Code/draft-picks/functions/node_modules/firebase-admin/lib/index.js"} 
[debug] [2020-04-04T21:28:40.030Z] [runtime-status] [20390] Resolved module firebase-functions {"declared":true,"installed":true,"version":"3.6.0","resolution":"/home/jeff/Code/draft-picks/functions/node_modules/firebase-functions/lib/index.js"} 
[debug] [2020-04-04T21:28:40.031Z] [runtime-status] [20390] firebase-admin has been stubbed. {"adminResolution":{"declared":true,"installed":true,"version":"8.10.0","resolution":"/home/jeff/Code/draft-picks/functions/node_modules/firebase-admin/lib/index.js"}} 
[warn] ⚠  Error: Cannot find module '/home/jeff/Code/draft-picks/functions/lib/index.js'. Please verify that the package.json has a valid "main" entry
    at tryPackage (internal/modules/cjs/loader.js:318:19)
    at Function.Module._findPath (internal/modules/cjs/loader.js:700:18)
    at Function.Module._resolveFilename (internal/modules/cjs/loader.js:963:27)
    at Function.Module._load (internal/modules/cjs/loader.js:859:27)
    at Module.require (internal/modules/cjs/loader.js:1036:19)
    at require (internal/modules/cjs/helpers.js:72:18)
    at /home/jeff/.nvm/versions/node/v13.12.0/lib/node_modules/firebase-tools/lib/emulator/functionsEmulatorRuntime.js:656:33
    at Generator.next (<anonymous>)
    at fulfilled (/home/jeff/.nvm/versions/node/v13.12.0/lib/node_modules/firebase-tools/lib/emulator/functionsEmulatorRuntime.js:5:58)
    at processTicksAndRejections (internal/process/task_queues.js:97:5)
[warn] ⚠  We were unable to load your functions code. (see above)
   - It appears your code is written in Typescript, which must be compiled before emulation.
   - You may be able to run "npm run build" in your functions directory to resolve this.
[debug] [2020-04-04T21:28:40.050Z] [worker-~diagnostic~-f8c1bac8-6598-40fb-a125-e8abdbcfae9e]: exited 
[debug] [2020-04-04T21:28:40.050Z] [worker-~diagnostic~-f8c1bac8-6598-40fb-a125-e8abdbcfae9e]: FINISHED 
